{"name": "Можно создать заказ с одним цветом → 201 и есть track", "status": "failed", "statusDetails": {"message": "AssertionError: Ожидали 201, получили 500: {\"code\":500,\"message\":\"values.map is not a function\"}\nassert 500 == 201\n +  where 500 = <Response [500]>.status_code", "trace": "self = <tests.test_orders.TestCreateOrder object at 0x000001C3A21A6990>, api = <utils.client.ApiClient object at 0x000001C3A21F6510>, colors = ['BLACK']\n\n    @allure.title(\"Можно создать заказ с одним цветом → 201 и есть track\")\n    @pytest.mark.parametrize(\"colors\", [\n        [\"BLACK\"],\n        [\"GREY\"],\n    ])\n    def test_create_order_single_color(self, api, colors):\n        payload = build_order_payload(colors)\n    \n        r = api.post(CREATE_ORDER, data=payload, timeout=12)\n    \n>       assert r.status_code == 201, (\n            f\"Ожидали 201, получили {r.status_code}: {r.text}\"\n        )\nE       AssertionError: Ожидали 201, получили 500: {\"code\":500,\"message\":\"values.map is not a function\"}\nE       assert 500 == 201\nE        +  where 500 = <Response [500]>.status_code\n\ntests\\test_orders.py:20: AssertionError"}, "steps": [{"name": "Собрать тело заказа для /api/v1/orders", "status": "passed", "parameters": [{"name": "colors", "value": "['BLACK']"}], "start": 1763195804550, "stop": 1763195804550}], "parameters": [{"name": "colors", "value": "['BLACK']"}], "start": 1763195804550, "stop": 1763195804639, "uuid": "7005bd6d-5bac-4c14-86dc-a232142b8cb8", "historyId": "d3cc9c0248a3d1922cf4a76845f39a9a", "testCaseId": "e61464dcc19a5fc35655abcd22a02a98", "fullName": "tests.test_orders.TestCreateOrder#test_create_order_single_color", "labels": [{"name": "suite", "value": "Orders: create"}, {"name": "parentSuite", "value": "tests"}, {"name": "subSuite", "value": "TestCreateOrder"}, {"name": "host", "value": "DESKTOP-1570NMP"}, {"name": "thread", "value": "21288-MainThread"}, {"name": "framework", "value": "pytest"}, {"name": "language", "value": "cpython3"}, {"name": "package", "value": "tests.test_orders"}]}